2018-08-10 17:56:47.765 [main] INFO  com.course.Application - Starting Application on UC-20180523NYAL with PID 76448 (D:\study\japroject1\Autotest2\CCCCC11\target\classes started by wb-hld409227 in D:\study\japroject1\Autotest2)
2018-08-10 17:56:47.785 [main] INFO  com.course.Application - No active profile set, falling back to default profiles: default
2018-08-10 17:56:47.944 [main] INFO  o.s.boot.web.servlet.context.AnnotationConfigServletWebServerApplicationContext - Refreshing org.springframework.boot.web.servlet.context.AnnotationConfigServletWebServerApplicationContext@6f4a47c7: startup date [Fri Aug 10 17:56:47 CST 2018]; root of context hierarchy
2018-08-10 17:56:48.927 [main] WARN  org.mybatis.spring.mapper.ClassPathMapperScanner - No MyBatis mapper was found in '[com.course]' package. Please check your configuration.
2018-08-10 17:56:50.439 [main] INFO  org.springframework.boot.web.embedded.tomcat.TomcatWebServer - Tomcat initialized with port(s): 8888 (http)
2018-08-10 17:56:50.482 [main] INFO  org.apache.catalina.core.StandardService - Starting service [Tomcat]
2018-08-10 17:56:50.482 [main] INFO  org.apache.catalina.core.StandardEngine - Starting Servlet Engine: Apache Tomcat/8.5.28
2018-08-10 17:56:50.499 [localhost-startStop-1] INFO  org.apache.catalina.core.AprLifecycleListener - The APR based Apache Tomcat Native library which allows optimal performance in production environments was not found on the java.library.path: [C:\Program Files\Java\jdk1.8.0_171\bin;C:\Windows\Sun\Java\bin;C:\Windows\system32;C:\Windows;C:\Program Files\Java\jdk1.8.0_171\bin;C:\Program Files\Java\jdk1.8.0_171\jre\bin;D:\git\Git\cmd;D:\maven3\apache-maven-3.3.9\bin;D:\jws\jws-1.7.0.3\;C:\windows\system32\;D:\mysql\mysql-5.7.16-winx64\bin;.]
2018-08-10 17:56:50.753 [localhost-startStop-1] INFO  org.apache.catalina.core.ContainerBase.[Tomcat].[localhost].[/] - Initializing Spring embedded WebApplicationContext
2018-08-10 17:56:50.753 [localhost-startStop-1] INFO  org.springframework.web.context.ContextLoader - Root WebApplicationContext: initialization completed in 2810 ms
2018-08-10 17:56:51.013 [localhost-startStop-1] INFO  org.springframework.boot.web.servlet.ServletRegistrationBean - Servlet dispatcherServlet mapped to [/]
2018-08-10 17:56:51.020 [localhost-startStop-1] INFO  org.springframework.boot.web.servlet.FilterRegistrationBean - Mapping filter: 'characterEncodingFilter' to: [/*]
2018-08-10 17:56:51.021 [localhost-startStop-1] INFO  org.springframework.boot.web.servlet.FilterRegistrationBean - Mapping filter: 'hiddenHttpMethodFilter' to: [/*]
2018-08-10 17:56:51.021 [localhost-startStop-1] INFO  org.springframework.boot.web.servlet.FilterRegistrationBean - Mapping filter: 'httpPutFormContentFilter' to: [/*]
2018-08-10 17:56:51.021 [localhost-startStop-1] INFO  org.springframework.boot.web.servlet.FilterRegistrationBean - Mapping filter: 'requestContextFilter' to: [/*]
2018-08-10 17:56:52.184 [main] INFO  o.springframework.web.servlet.mvc.method.annotation.RequestMappingHandlerAdapter - Looking for @ControllerAdvice: org.springframework.boot.web.servlet.context.AnnotationConfigServletWebServerApplicationContext@6f4a47c7: startup date [Fri Aug 10 17:56:47 CST 2018]; root of context hierarchy
2018-08-10 17:56:52.323 [main] INFO  o.springframework.web.servlet.mvc.method.annotation.RequestMappingHandlerMapping - Mapped "{[/v1/addUser],methods=[POST]}" onto public int com.course.controller.Demo.addUser(com.course.model.User)
2018-08-10 17:56:52.325 [main] INFO  o.springframework.web.servlet.mvc.method.annotation.RequestMappingHandlerMapping - Mapped "{[/v1/updateUser],methods=[POST]}" onto public int com.course.controller.Demo.updateUser(com.course.model.User)
2018-08-10 17:56:52.325 [main] INFO  o.springframework.web.servlet.mvc.method.annotation.RequestMappingHandlerMapping - Mapped "{[/v1/getUserCount],methods=[GET]}" onto public int com.course.controller.Demo.getUserCount()
2018-08-10 17:56:52.326 [main] INFO  o.springframework.web.servlet.mvc.method.annotation.RequestMappingHandlerMapping - Mapped "{[/v1/deleteUser],methods=[GET]}" onto public int com.course.controller.Demo.delUser(java.lang.String)
2018-08-10 17:56:52.333 [main] INFO  o.springframework.web.servlet.mvc.method.annotation.RequestMappingHandlerMapping - Mapped "{[/error]}" onto public org.springframework.http.ResponseEntity<java.util.Map<java.lang.String, java.lang.Object>> org.springframework.boot.autoconfigure.web.servlet.error.BasicErrorController.error(javax.servlet.http.HttpServletRequest)
2018-08-10 17:56:52.335 [main] INFO  o.springframework.web.servlet.mvc.method.annotation.RequestMappingHandlerMapping - Mapped "{[/error],produces=[text/html]}" onto public org.springframework.web.servlet.ModelAndView org.springframework.boot.autoconfigure.web.servlet.error.BasicErrorController.errorHtml(javax.servlet.http.HttpServletRequest,javax.servlet.http.HttpServletResponse)
2018-08-10 17:56:52.410 [main] INFO  org.springframework.web.servlet.handler.SimpleUrlHandlerMapping - Mapped URL path [/webjars/**] onto handler of type [class org.springframework.web.servlet.resource.ResourceHttpRequestHandler]
2018-08-10 17:56:52.410 [main] INFO  org.springframework.web.servlet.handler.SimpleUrlHandlerMapping - Mapped URL path [/**] onto handler of type [class org.springframework.web.servlet.resource.ResourceHttpRequestHandler]
2018-08-10 17:56:52.481 [main] INFO  org.springframework.web.servlet.handler.SimpleUrlHandlerMapping - Mapped URL path [/**/favicon.ico] onto handler of type [class org.springframework.web.servlet.resource.ResourceHttpRequestHandler]
2018-08-10 17:56:52.792 [main] INFO  org.springframework.jmx.export.annotation.AnnotationMBeanExporter - Registering beans for JMX exposure on startup
2018-08-10 17:56:52.794 [main] INFO  org.springframework.jmx.export.annotation.AnnotationMBeanExporter - Bean with name 'dataSource' has been autodetected for JMX exposure
2018-08-10 17:56:52.801 [main] INFO  org.springframework.jmx.export.annotation.AnnotationMBeanExporter - Located MBean 'dataSource': registering with JMX server as MBean [com.zaxxer.hikari:name=dataSource,type=HikariDataSource]
2018-08-10 17:56:52.866 [main] INFO  org.springframework.boot.web.embedded.tomcat.TomcatWebServer - Tomcat started on port(s): 8888 (http) with context path ''
2018-08-10 17:56:52.870 [main] INFO  com.course.Application - Started Application in 7.024 seconds (JVM running for 9.953)
